0 info it worked if it ends with ok
1 verbose cli [ '/usr/bin/nodejs', '/usr/bin/npm', 'install' ]
2 info using npm@1.3.10
3 info using node@v0.10.25
4 verbose readDependencies using package.json deps
5 verbose install where, deps [ '/home/www/dev.ikonenn.net/bbz/janeb/src/BBZ/ToolsBundle/Resources/github/summernote',
5 verbose install   [ 'chai',
5 verbose install     'chai-spies',
5 verbose install     'grunt',
5 verbose install     'grunt-contrib-clean',
5 verbose install     'grunt-contrib-compress',
5 verbose install     'grunt-contrib-connect',
5 verbose install     'grunt-contrib-copy',
5 verbose install     'grunt-contrib-jshint',
5 verbose install     'grunt-contrib-uglify',
5 verbose install     'grunt-contrib-watch',
5 verbose install     'grunt-coveralls',
5 verbose install     'grunt-exec',
5 verbose install     'grunt-jscs',
5 verbose install     'grunt-karma',
5 verbose install     'grunt-recess',
5 verbose install     'grunt-saucelabs',
5 verbose install     'grunt-webfont',
5 verbose install     'karma',
5 verbose install     'karma-chrome-launcher',
5 verbose install     'karma-coverage',
5 verbose install     'karma-firefox-launcher',
5 verbose install     'karma-ie-launcher',
5 verbose install     'karma-mocha',
5 verbose install     'karma-opera-launcher',
5 verbose install     'karma-phantomjs-launcher',
5 verbose install     'karma-requirejs',
5 verbose install     'karma-safari-launcher',
5 verbose install     'karma-sauce-launcher',
5 verbose install     'load-grunt-tasks',
5 verbose install     'mocha',
5 verbose install     'open',
5 verbose install     'phantomjs',
5 verbose install     'requirejs' ] ]
6 info preinstall summernote@0.8.2
7 verbose readDependencies using package.json deps
8 verbose already installed skipping chai@^3.2.0 /home/www/dev.ikonenn.net/bbz/janeb/src/BBZ/ToolsBundle/Resources/github/summernote
9 verbose already installed skipping chai-spies@^0.7.1 /home/www/dev.ikonenn.net/bbz/janeb/src/BBZ/ToolsBundle/Resources/github/summernote
10 verbose already installed skipping grunt@* /home/www/dev.ikonenn.net/bbz/janeb/src/BBZ/ToolsBundle/Resources/github/summernote
11 verbose already installed skipping grunt-contrib-clean@^0.7.0 /home/www/dev.ikonenn.net/bbz/janeb/src/BBZ/ToolsBundle/Resources/github/summernote
12 verbose already installed skipping grunt-contrib-compress@* /home/www/dev.ikonenn.net/bbz/janeb/src/BBZ/ToolsBundle/Resources/github/summernote
13 verbose already installed skipping grunt-contrib-connect@* /home/www/dev.ikonenn.net/bbz/janeb/src/BBZ/ToolsBundle/Resources/github/summernote
14 verbose already installed skipping grunt-contrib-copy@^0.8.2 /home/www/dev.ikonenn.net/bbz/janeb/src/BBZ/ToolsBundle/Resources/github/summernote
15 verbose already installed skipping grunt-contrib-jshint@0.7.2 /home/www/dev.ikonenn.net/bbz/janeb/src/BBZ/ToolsBundle/Resources/github/summernote
16 verbose already installed skipping grunt-contrib-uglify@~0.2.2 /home/www/dev.ikonenn.net/bbz/janeb/src/BBZ/ToolsBundle/Resources/github/summernote
17 verbose already installed skipping grunt-coveralls@^1.0.0 /home/www/dev.ikonenn.net/bbz/janeb/src/BBZ/ToolsBundle/Resources/github/summernote
18 verbose already installed skipping grunt-contrib-watch@* /home/www/dev.ikonenn.net/bbz/janeb/src/BBZ/ToolsBundle/Resources/github/summernote
19 verbose already installed skipping grunt-exec@^0.4.6 /home/www/dev.ikonenn.net/bbz/janeb/src/BBZ/ToolsBundle/Resources/github/summernote
20 verbose already installed skipping grunt-jscs@^2.6.0 /home/www/dev.ikonenn.net/bbz/janeb/src/BBZ/ToolsBundle/Resources/github/summernote
21 verbose already installed skipping grunt-karma@^0.12.0 /home/www/dev.ikonenn.net/bbz/janeb/src/BBZ/ToolsBundle/Resources/github/summernote
22 verbose already installed skipping grunt-recess@* /home/www/dev.ikonenn.net/bbz/janeb/src/BBZ/ToolsBundle/Resources/github/summernote
23 verbose already installed skipping grunt-saucelabs@* /home/www/dev.ikonenn.net/bbz/janeb/src/BBZ/ToolsBundle/Resources/github/summernote
24 verbose already installed skipping grunt-webfont@^1.0.2 /home/www/dev.ikonenn.net/bbz/janeb/src/BBZ/ToolsBundle/Resources/github/summernote
25 verbose already installed skipping karma@^0.13.3 /home/www/dev.ikonenn.net/bbz/janeb/src/BBZ/ToolsBundle/Resources/github/summernote
26 verbose already installed skipping karma-chrome-launcher@^0.2.0 /home/www/dev.ikonenn.net/bbz/janeb/src/BBZ/ToolsBundle/Resources/github/summernote
27 verbose already installed skipping karma-coverage@^0.5.3 /home/www/dev.ikonenn.net/bbz/janeb/src/BBZ/ToolsBundle/Resources/github/summernote
28 verbose already installed skipping karma-firefox-launcher@^0.1.6 /home/www/dev.ikonenn.net/bbz/janeb/src/BBZ/ToolsBundle/Resources/github/summernote
29 verbose already installed skipping karma-ie-launcher@^0.2.0 /home/www/dev.ikonenn.net/bbz/janeb/src/BBZ/ToolsBundle/Resources/github/summernote
30 verbose already installed skipping karma-opera-launcher@^0.3.0 /home/www/dev.ikonenn.net/bbz/janeb/src/BBZ/ToolsBundle/Resources/github/summernote
31 verbose already installed skipping karma-mocha@^0.2.0 /home/www/dev.ikonenn.net/bbz/janeb/src/BBZ/ToolsBundle/Resources/github/summernote
32 verbose already installed skipping karma-phantomjs-launcher@^0.2.0 /home/www/dev.ikonenn.net/bbz/janeb/src/BBZ/ToolsBundle/Resources/github/summernote
33 verbose already installed skipping karma-requirejs@^0.2.2 /home/www/dev.ikonenn.net/bbz/janeb/src/BBZ/ToolsBundle/Resources/github/summernote
34 verbose already installed skipping karma-safari-launcher@^0.1.1 /home/www/dev.ikonenn.net/bbz/janeb/src/BBZ/ToolsBundle/Resources/github/summernote
35 verbose already installed skipping karma-sauce-launcher@^0.3.0 /home/www/dev.ikonenn.net/bbz/janeb/src/BBZ/ToolsBundle/Resources/github/summernote
36 verbose already installed skipping load-grunt-tasks@0.2.0 /home/www/dev.ikonenn.net/bbz/janeb/src/BBZ/ToolsBundle/Resources/github/summernote
37 verbose already installed skipping mocha@^2.3.4 /home/www/dev.ikonenn.net/bbz/janeb/src/BBZ/ToolsBundle/Resources/github/summernote
38 verbose already installed skipping open@0.0.4 /home/www/dev.ikonenn.net/bbz/janeb/src/BBZ/ToolsBundle/Resources/github/summernote
39 verbose already installed skipping phantomjs@^1.9.17 /home/www/dev.ikonenn.net/bbz/janeb/src/BBZ/ToolsBundle/Resources/github/summernote
40 verbose already installed skipping requirejs@^2.1.22 /home/www/dev.ikonenn.net/bbz/janeb/src/BBZ/ToolsBundle/Resources/github/summernote
41 silly resolved []
42 info build /home/www/dev.ikonenn.net/bbz/janeb/src/BBZ/ToolsBundle/Resources/github/summernote
43 verbose linkStuff [ false,
43 verbose linkStuff   false,
43 verbose linkStuff   false,
43 verbose linkStuff   '/home/www/dev.ikonenn.net/bbz/janeb/src/BBZ/ToolsBundle/Resources/github' ]
44 info linkStuff summernote@0.8.2
45 verbose linkBins summernote@0.8.2
46 verbose linkMans summernote@0.8.2
47 verbose rebuildBundles summernote@0.8.2
48 verbose rebuildBundles [ '.bin',
48 verbose rebuildBundles   'chai',
48 verbose rebuildBundles   'chai-spies',
48 verbose rebuildBundles   'grunt',
48 verbose rebuildBundles   'grunt-contrib-clean',
48 verbose rebuildBundles   'grunt-contrib-compress',
48 verbose rebuildBundles   'grunt-contrib-connect',
48 verbose rebuildBundles   'grunt-contrib-copy',
48 verbose rebuildBundles   'grunt-contrib-jshint',
48 verbose rebuildBundles   'grunt-contrib-uglify',
48 verbose rebuildBundles   'grunt-contrib-watch',
48 verbose rebuildBundles   'grunt-coveralls',
48 verbose rebuildBundles   'grunt-exec',
48 verbose rebuildBundles   'grunt-jscs',
48 verbose rebuildBundles   'grunt-karma',
48 verbose rebuildBundles   'grunt-recess',
48 verbose rebuildBundles   'grunt-saucelabs',
48 verbose rebuildBundles   'grunt-webfont',
48 verbose rebuildBundles   'karma',
48 verbose rebuildBundles   'karma-chrome-launcher',
48 verbose rebuildBundles   'karma-coverage',
48 verbose rebuildBundles   'karma-firefox-launcher',
48 verbose rebuildBundles   'karma-ie-launcher',
48 verbose rebuildBundles   'karma-mocha',
48 verbose rebuildBundles   'karma-opera-launcher',
48 verbose rebuildBundles   'karma-phantomjs-launcher',
48 verbose rebuildBundles   'karma-requirejs',
48 verbose rebuildBundles   'karma-safari-launcher',
48 verbose rebuildBundles   'karma-sauce-launcher',
48 verbose rebuildBundles   'load-grunt-tasks',
48 verbose rebuildBundles   'mocha',
48 verbose rebuildBundles   'open',
48 verbose rebuildBundles   'phantomjs',
48 verbose rebuildBundles   'requirejs' ]
49 info install summernote@0.8.2
50 info postinstall summernote@0.8.2
51 info prepublish summernote@0.8.2
52 error peerinvalid The package grunt does not satisfy its siblings' peerDependencies requirements!
52 error peerinvalid Peer grunt-contrib-clean@0.7.0 wants grunt@>=0.4.0
52 error peerinvalid Peer grunt-contrib-connect@1.0.2 wants grunt@>=0.4.0
52 error peerinvalid Peer grunt-contrib-copy@0.8.2 wants grunt@>=0.4.0
52 error peerinvalid Peer grunt-contrib-jshint@0.7.2 wants grunt@~0.4.0
52 error peerinvalid Peer grunt-contrib-uglify@0.2.7 wants grunt@~0.4.0
52 error peerinvalid Peer grunt-coveralls@1.0.1 wants grunt@>=0.4.0
52 error peerinvalid Peer grunt-exec@0.4.7 wants grunt@>=0.4
52 error peerinvalid Peer grunt-karma@0.12.2 wants grunt@>=0.4.x
52 error peerinvalid Peer grunt-saucelabs@9.0.0 wants grunt@>=0.4.1
52 error peerinvalid Peer grunt-webfont@1.6.0 wants grunt@>=0.4.0
53 error System Linux 3.19.0-32-generic
54 error command "/usr/bin/nodejs" "/usr/bin/npm" "install"
55 error cwd /home/www/dev.ikonenn.net/bbz/janeb/src/BBZ/ToolsBundle/Resources/github/summernote
56 error node -v v0.10.25
57 error npm -v 1.3.10
58 error code EPEERINVALID
59 verbose exit [ 1, true ]
